Build started 26.12.2010. 23:42:40.
     1>Project "C:\FER2\V.semestar\TINF\tinf-lab\TINF_lab\TINF_lab.vcxproj" on node 2 (build target(s)).
     1>InitializeBuildStatus:
         Creating "Release\izvoriste.unsuccessfulbuild" because "AlwaysCreate" was specified.
       ClCompile:
         C:\Program Files\Microsoft Visual Studio 10.0\VC\bin\CL.exe /c /Zi /nologo /W3 /WX- /O2 /Oi /Oy- /GL /D _MBCS /Gm- /EHsc /MD /GS /Gy /fp:precise /Zc:wchar_t /Zc:forScope /Fo"Release\\" /Fd"Release\vc100.pdb" /Gd /TP /analyze- /errorReport:prompt izvoriste.cpp
         izvoriste.cpp
     1>izvoriste.cpp(9): warning C4244: 'argument' : conversion from 'time_t' to 'unsigned int', possible loss of data
     1>izvoriste.cpp(21): warning C4996: 'fopen': This function or variable may be unsafe. Consider using fopen_s instead. To disable deprecation, use _CRT_SECURE_NO_WARNINGS. See online help for details.
                 C:\Program Files\Microsoft Visual Studio 10.0\VC\include\stdio.h(234) : see declaration of 'fopen'
     1>izvoriste.cpp(10): warning C4101: 'i' : unreferenced local variable
       Link:
         C:\Program Files\Microsoft Visual Studio 10.0\VC\bin\link.exe /ERRORREPORT:PROMPT /OUT:"C:\FER2\V.semestar\TINF\tinf-lab\TINF_lab\Release\izvoriste.exe" /NOLOGO kernel32.lib user32.lib gdi32.lib winspool.lib comdlg32.lib advapi32.lib shell32.lib ole32.lib oleaut32.lib uuid.lib odbc32.lib odbccp32.lib /MANIFEST /ManifestFile:"Release\izvoriste.exe.intermediate.manifest" /MANIFESTUAC:"level='asInvoker' uiAccess='false'" /DEBUG /PDB:"C:\FER2\V.semestar\TINF\tinf-lab\TINF_lab\Release\izvoriste.pdb" /OPT:REF /OPT:ICF /LTCG /TLBID:1 /DYNAMICBASE /NXCOMPAT /IMPLIB:"C:\FER2\V.semestar\TINF\tinf-lab\TINF_lab\Release\izvoriste.lib" /MACHINE:X86 Release\izvoriste.obj
         Generating code
         Finished generating code
         TINF_lab.vcxproj -> C:\FER2\V.semestar\TINF\tinf-lab\TINF_lab\Release\izvoriste.exe
       Manifest:
         C:\Program Files\Microsoft SDKs\Windows\v7.0A\bin\mt.exe /nologo /verbose /outputresource:"C:\FER2\V.semestar\TINF\tinf-lab\TINF_lab\Release\izvoriste.exe;#1" /manifest Release\izvoriste.exe.intermediate.manifest
       FinalizeBuildStatus:
         Deleting file "Release\izvoriste.unsuccessfulbuild".
         Touching "Release\izvoriste.lastbuildstate".
     1>Done Building Project "C:\FER2\V.semestar\TINF\tinf-lab\TINF_lab\TINF_lab.vcxproj" (build target(s)).

Build succeeded.

Time Elapsed 00:00:01.58
